<?xml version='1.0' encoding='UTF-8'?>
<testsuite hostname="Cangs-MacBook-Pro.local" name="com.rockthejvm.SimpleTest" tests="1" errors="0" failures="0" skipped="0" time="0.008" timestamp="2024-12-06T02:00:15">
          <properties>
[...]
</properties>
          <testcase classname="com.rockthejvm.SimpleTest" name="simple test possible" time="0.008">
                      
                    </testcase>
          <system-out><![CDATA[]]></system-out>
          <system-err><![CDATA[]]></system-err>
        </testsuite>